{"name":"loginPositiveRememberCheckBoxTest","status":"broken","statusDetails":{"known":false,"muted":false,"flaky":false,"message":"Index: 1, Size: 1","trace":"java.lang.IndexOutOfBoundsException: Index: 1, Size: 1\r\n\tat java.util.ArrayList.rangeCheck(ArrayList.java:659)\r\n\tat java.util.ArrayList.get(ArrayList.java:435)\r\n\tat com.pages.LoginPage.openSiteInNewTab(LoginPage.java:95)\r\n\tat com.LoginPageTest.loginPositiveRememberCheckBoxTest(LoginPageTest.java:54)\r\n\tat sun.reflect.NativeMethodAccessorImpl.invoke0(Native Method)\r\n\tat sun.reflect.NativeMethodAccessorImpl.invoke(NativeMethodAccessorImpl.java:62)\r\n\tat sun.reflect.DelegatingMethodAccessorImpl.invoke(DelegatingMethodAccessorImpl.java:43)\r\n\tat java.lang.reflect.Method.invoke(Method.java:498)\r\n\tat org.testng.internal.MethodInvocationHelper.invokeMethod(MethodInvocationHelper.java:133)\r\n\tat org.testng.internal.TestInvoker.invokeMethod(TestInvoker.java:584)\r\n\tat org.testng.internal.TestInvoker.invokeTestMethod(TestInvoker.java:172)\r\n\tat org.testng.internal.MethodRunner.runInSequence(MethodRunner.java:46)\r\n\tat org.testng.internal.TestInvoker$MethodInvocationAgent.invoke(TestInvoker.java:804)\r\n\tat org.testng.internal.TestInvoker.invokeTestMethods(TestInvoker.java:145)\r\n\tat org.testng.internal.TestMethodWorker.invokeTestMethods(TestMethodWorker.java:146)\r\n\tat org.testng.internal.TestMethodWorker.run(TestMethodWorker.java:128)\r\n\tat java.util.ArrayList.forEach(ArrayList.java:1259)\r\n\tat org.testng.TestRunner.privateRun(TestRunner.java:770)\r\n\tat org.testng.TestRunner.run(TestRunner.java:591)\r\n\tat org.testng.SuiteRunner.runTest(SuiteRunner.java:402)\r\n\tat org.testng.SuiteRunner.runSequentially(SuiteRunner.java:396)\r\n\tat org.testng.SuiteRunner.privateRun(SuiteRunner.java:355)\r\n\tat org.testng.SuiteRunner.run(SuiteRunner.java:304)\r\n\tat org.testng.SuiteRunnerWorker.runSuite(SuiteRunnerWorker.java:53)\r\n\tat org.testng.SuiteRunnerWorker.run(SuiteRunnerWorker.java:96)\r\n\tat org.testng.TestNG.runSuitesSequentially(TestNG.java:1180)\r\n\tat org.testng.TestNG.runSuitesLocally(TestNG.java:1102)\r\n\tat org.testng.TestNG.runSuites(TestNG.java:1032)\r\n\tat org.testng.TestNG.run(TestNG.java:1000)\r\n\tat org.testng.IDEARemoteTestNG.run(IDEARemoteTestNG.java:73)\r\n\tat org.testng.RemoteTestNGStarter.main(RemoteTestNGStarter.java:123)\r\n"},"stage":"finished","steps":[{"name":"Entering login: tester","status":"passed","stage":"finished","steps":[{"name":"entering: tester","status":"passed","stage":"finished","steps":[],"attachments":[],"parameters":[{"name":"element","value":"[[ChromeDriver: chrome on WINDOWS (151af63edd010314217421c05af4ffd8)] -> id: username]"},{"name":"value","value":"tester"}],"start":1598994292540,"stop":1598994292863}],"attachments":[],"parameters":[{"name":"value","value":"tester"}],"start":1598994292506,"stop":1598994292863},{"name":"Entering password: K35G3U","status":"passed","stage":"finished","steps":[{"name":"entering: K35G3U","status":"passed","stage":"finished","steps":[],"attachments":[],"parameters":[{"name":"element","value":"[[ChromeDriver: chrome on WINDOWS (151af63edd010314217421c05af4ffd8)] -> id: password]"},{"name":"value","value":"K35G3U"}],"start":1598994292897,"stop":1598994293142}],"attachments":[],"parameters":[{"name":"value","value":"K35G3U"}],"start":1598994292864,"stop":1598994293142},{"name":"checkInRememberMe","status":"passed","stage":"finished","steps":[],"attachments":[],"parameters":[],"start":1598994293142,"stop":1598994293357},{"name":"clickOnEnterButton","status":"passed","stage":"finished","steps":[],"attachments":[],"parameters":[],"start":1598994293357,"stop":1598994293519},{"name":"currentPageCheckByTitle","status":"passed","stage":"finished","steps":[{"name":"getTitle","status":"passed","stage":"finished","steps":[],"attachments":[],"parameters":[],"start":1598994318941,"stop":1598994318946}],"attachments":[],"parameters":[{"name":"pageTitle","value":"Лента - WorkFlow"},{"name":"timeout","value":"60"}],"start":1598994293519,"stop":1598994318946},{"name":"url: https://gdcloud.ru/release-17/","status":"broken","statusDetails":{"known":false,"muted":false,"flaky":false,"message":"Index: 1, Size: 1","trace":"java.lang.IndexOutOfBoundsException: Index: 1, Size: 1\r\n\tat java.util.ArrayList.rangeCheck(ArrayList.java:659)\r\n\tat java.util.ArrayList.get(ArrayList.java:435)\r\n\tat com.pages.LoginPage.openSiteInNewTab(LoginPage.java:95)\r\n\tat com.LoginPageTest.loginPositiveRememberCheckBoxTest(LoginPageTest.java:54)\r\n\tat sun.reflect.NativeMethodAccessorImpl.invoke0(Native Method)\r\n\tat sun.reflect.NativeMethodAccessorImpl.invoke(NativeMethodAccessorImpl.java:62)\r\n\tat sun.reflect.DelegatingMethodAccessorImpl.invoke(DelegatingMethodAccessorImpl.java:43)\r\n\tat java.lang.reflect.Method.invoke(Method.java:498)\r\n\tat org.testng.internal.MethodInvocationHelper.invokeMethod(MethodInvocationHelper.java:133)\r\n\tat org.testng.internal.TestInvoker.invokeMethod(TestInvoker.java:584)\r\n\tat org.testng.internal.TestInvoker.invokeTestMethod(TestInvoker.java:172)\r\n\tat org.testng.internal.MethodRunner.runInSequence(MethodRunner.java:46)\r\n\tat org.testng.internal.TestInvoker$MethodInvocationAgent.invoke(TestInvoker.java:804)\r\n\tat org.testng.internal.TestInvoker.invokeTestMethods(TestInvoker.java:145)\r\n\tat org.testng.internal.TestMethodWorker.invokeTestMethods(TestMethodWorker.java:146)\r\n\tat org.testng.internal.TestMethodWorker.run(TestMethodWorker.java:128)\r\n\tat java.util.ArrayList.forEach(ArrayList.java:1259)\r\n\tat org.testng.TestRunner.privateRun(TestRunner.java:770)\r\n\tat org.testng.TestRunner.run(TestRunner.java:591)\r\n\tat org.testng.SuiteRunner.runTest(SuiteRunner.java:402)\r\n\tat org.testng.SuiteRunner.runSequentially(SuiteRunner.java:396)\r\n\tat org.testng.SuiteRunner.privateRun(SuiteRunner.java:355)\r\n\tat org.testng.SuiteRunner.run(SuiteRunner.java:304)\r\n\tat org.testng.SuiteRunnerWorker.runSuite(SuiteRunnerWorker.java:53)\r\n\tat org.testng.SuiteRunnerWorker.run(SuiteRunnerWorker.java:96)\r\n\tat org.testng.TestNG.runSuitesSequentially(TestNG.java:1180)\r\n\tat org.testng.TestNG.runSuitesLocally(TestNG.java:1102)\r\n\tat org.testng.TestNG.runSuites(TestNG.java:1032)\r\n\tat org.testng.TestNG.run(TestNG.java:1000)\r\n\tat org.testng.IDEARemoteTestNG.run(IDEARemoteTestNG.java:73)\r\n\tat org.testng.RemoteTestNGStarter.main(RemoteTestNGStarter.java:123)\r\n"},"stage":"finished","steps":[],"attachments":[],"parameters":[{"name":"value","value":"https://gdcloud.ru/release-17/"}],"start":1598994318946,"stop":1598994318953}],"attachments":[],"parameters":[],"start":1598994292506,"stop":1598994318953,"uuid":"24f9aa77-b408-47e0-a750-f5da9899b08d","historyId":"19839bba3aca9300baf7720a5322566c","fullName":"com.LoginPageTest.loginPositiveRememberCheckBoxTest","labels":[{"name":"package","value":"com.LoginPageTest"},{"name":"testClass","value":"com.LoginPageTest"},{"name":"testMethod","value":"loginPositiveRememberCheckBoxTest"},{"name":"parentSuite","value":"Default Suite"},{"name":"suite","value":"GD"},{"name":"subSuite","value":"com.LoginPageTest"},{"name":"host","value":"Vladimir"},{"name":"thread","value":"24528@Vladimir.main(1)"},{"name":"framework","value":"testng"},{"name":"language","value":"java"}],"links":[]}