<?xml version="1.0" encoding="UTF-8"?>
<testng-results skipped="0" failed="5" ignored="2" total="12" passed="5">
  <reporter-output>
  </reporter-output>
  <suite name="Tests" duration-ms="381826" started-at="2020-09-02T19:34:51 IDT" finished-at="2020-09-02T19:41:13 IDT">
    <groups>
      <group name="PositiveTests">
        <method signature="LoginPageTest.loginPageTitleTest()[pri:1, instance:com.LoginPageTest@23f7d05d]" name="loginPageTitleTest" class="com.LoginPageTest"/>
        <method signature="LoginPageTest.loginPositiveRememberCheckBoxTest()[pri:1, instance:com.LoginPageTest@23f7d05d]" name="loginPositiveRememberCheckBoxTest" class="com.LoginPageTest"/>
        <method signature="LoginPageTest.loginPositiveTest()[pri:0, instance:com.LoginPageTest@23f7d05d]" name="loginPositiveTest" class="com.LoginPageTest"/>
        <method signature="MainPageTest.logoutPositiveTest()[pri:0, instance:com.MainPageTest@1e730495]" name="logoutPositiveTest" class="com.MainPageTest"/>
      </group> <!-- PositiveTests -->
      <group name="NegativeTests">
        <method signature="LoginPageTest.loginNegativeAnotherAccountTest()[pri:2, instance:com.LoginPageTest@23f7d05d]" name="loginNegativeAnotherAccountTest" class="com.LoginPageTest"/>
        <method signature="LoginPageTest.loginNegativeCurrentAccountTest()[pri:1, instance:com.LoginPageTest@23f7d05d]" name="loginNegativeCurrentAccountTest" class="com.LoginPageTest"/>
        <method signature="LoginPageTest.loginNegativeWrongLoginTest()[pri:2, instance:com.LoginPageTest@23f7d05d]" name="loginNegativeWrongLoginTest" class="com.LoginPageTest"/>
        <method signature="LoginPageTest.loginNegativeWrongPasswordTest()[pri:2, instance:com.LoginPageTest@23f7d05d]" name="loginNegativeWrongPasswordTest" class="com.LoginPageTest"/>
      </group> <!-- NegativeTests -->
      <group name="Negative">
        <method signature="LoginPageTest.loginNegativeRememberCheckBoxTest()[pri:1, instance:com.LoginPageTest@23f7d05d]" name="loginNegativeRememberCheckBoxTest" class="com.LoginPageTest"/>
        <method signature="LoginPageTest.loginPositiveRememberCheckBox1Test()[pri:1, instance:com.LoginPageTest@23f7d05d]" name="loginPositiveRememberCheckBox1Test" class="com.LoginPageTest"/>
      </group> <!-- Negative -->
      <group name="LoginPageTests">
        <method signature="LoginPageTest.loginPageTitleTest()[pri:1, instance:com.LoginPageTest@23f7d05d]" name="loginPageTitleTest" class="com.LoginPageTest"/>
      </group> <!-- LoginPageTests -->
      <group name="InterfaceTests">
        <method signature="LoginPageTest.loginPageTitleTest()[pri:1, instance:com.LoginPageTest@23f7d05d]" name="loginPageTitleTest" class="com.LoginPageTest"/>
      </group> <!-- InterfaceTests -->
      <group name="MainPageTests">
        <method signature="MainPageTest.logoutPositiveTest()[pri:0, instance:com.MainPageTest@1e730495]" name="logoutPositiveTest" class="com.MainPageTest"/>
      </group> <!-- MainPageTests -->
      <group name="LoginTests">
        <method signature="LoginPageTest.loginNegativeAnotherAccountTest()[pri:2, instance:com.LoginPageTest@23f7d05d]" name="loginNegativeAnotherAccountTest" class="com.LoginPageTest"/>
        <method signature="LoginPageTest.loginNegativeCurrentAccountTest()[pri:1, instance:com.LoginPageTest@23f7d05d]" name="loginNegativeCurrentAccountTest" class="com.LoginPageTest"/>
        <method signature="LoginPageTest.loginNegativeRememberCheckBoxTest()[pri:1, instance:com.LoginPageTest@23f7d05d]" name="loginNegativeRememberCheckBoxTest" class="com.LoginPageTest"/>
        <method signature="LoginPageTest.loginNegativeWrongLoginTest()[pri:2, instance:com.LoginPageTest@23f7d05d]" name="loginNegativeWrongLoginTest" class="com.LoginPageTest"/>
        <method signature="LoginPageTest.loginNegativeWrongPasswordTest()[pri:2, instance:com.LoginPageTest@23f7d05d]" name="loginNegativeWrongPasswordTest" class="com.LoginPageTest"/>
        <method signature="LoginPageTest.loginPositiveRememberCheckBox1Test()[pri:1, instance:com.LoginPageTest@23f7d05d]" name="loginPositiveRememberCheckBox1Test" class="com.LoginPageTest"/>
        <method signature="LoginPageTest.loginPositiveRememberCheckBoxTest()[pri:1, instance:com.LoginPageTest@23f7d05d]" name="loginPositiveRememberCheckBoxTest" class="com.LoginPageTest"/>
        <method signature="LoginPageTest.loginPositiveTest()[pri:0, instance:com.LoginPageTest@23f7d05d]" name="loginPositiveTest" class="com.LoginPageTest"/>
      </group> <!-- LoginTests -->
    </groups>
    <test name="Test1" duration-ms="381826" started-at="2020-09-02T19:34:51 IDT" finished-at="2020-09-02T19:41:13 IDT">
      <class name="com.MainPageTest">
        <test-method status="PASS" signature="initWebDriver()[pri:0, instance:com.MainPageTest@1e730495]" name="initWebDriver" is-config="true" duration-ms="4158" started-at="2020-09-02T19:40:05 IDT" finished-at="2020-09-02T19:40:09 IDT">
          <reporter-output>
          </reporter-output>
        </test-method> <!-- initWebDriver -->
        <test-method status="PASS" signature="startLogger(java.lang.reflect.Method, [Ljava.lang.Object;)[pri:0, instance:com.MainPageTest@1e730495]" name="startLogger" is-config="true" duration-ms="1" started-at="2020-09-02T19:40:09 IDT" finished-at="2020-09-02T19:40:09 IDT">
          <params>
            <param index="0">
              <value>
                <![CDATA[public void com.MainPageTest.logoutPositiveTest()]]>
              </value>
            </param>
            <param index="1">
              <value>
                <![CDATA[[Ljava.lang.Object;@5e8c34a0]]>
              </value>
            </param>
          </params>
          <reporter-output>
          </reporter-output>
        </test-method> <!-- startLogger -->
        <test-method status="PASS" signature="initPageObjects()[pri:0, instance:com.MainPageTest@1e730495]" name="initPageObjects" is-config="true" duration-ms="2717" started-at="2020-09-02T19:40:09 IDT" finished-at="2020-09-02T19:40:12 IDT">
          <reporter-output>
          </reporter-output>
        </test-method> <!-- initPageObjects -->
        <test-method status="FAIL" signature="logoutPositiveTest()[pri:0, instance:com.MainPageTest@1e730495]" name="logoutPositiveTest" duration-ms="60779" started-at="2020-09-02T19:40:12 IDT" finished-at="2020-09-02T19:41:13 IDT">
          <exception class="org.openqa.selenium.TimeoutException">
            <message>
              <![CDATA[Expected condition failed: waiting for title to contain "Ð›ÐµÐ½Ñ‚Ð° - WorkFlow". Current title: "Лента - WorkFlow" (tried for 60 second(s) with 500 milliseconds interval)
Build info: version: '3.141.59', revision: 'e82be7d358', time: '2018-11-14T08:17:03'
System info: host: 'VLADIMIR', ip: '192.168.1.141', os.name: 'Windows 10', os.arch: 'amd64', os.version: '10.0', java.version: '1.8.0_261'
Driver info: org.openqa.selenium.chrome.ChromeDriver
Capabilities {acceptInsecureCerts: false, browserName: chrome, browserVersion: 84.0.4147.125, chrome: {chromedriverVersion: 84.0.4147.30 (48b3e868b4cc0..., userDataDir: C:\Users\User\AppData\Local...}, goog:chromeOptions: {debuggerAddress: localhost:58820}, javascriptEnabled: true, networkConnectionEnabled: false, pageLoadStrategy: normal, platform: WINDOWS, platformName: WINDOWS, proxy: Proxy(), setWindowRect: true, strictFileInteractability: false, timeouts: {implicit: 0, pageLoad: 300000, script: 30000}, unhandledPromptBehavior: dismiss and notify, webauthn:virtualAuthenticators: true}
Session ID: 7e46074e62a5ad1b512c668b694c5ac7]]>
            </message>
            <full-stacktrace>
              <![CDATA[org.openqa.selenium.TimeoutException: Expected condition failed: waiting for title to contain "Ð›ÐµÐ½Ñ‚Ð° - WorkFlow". Current title: "Лента - WorkFlow" (tried for 60 second(s) with 500 milliseconds interval)
Build info: version: '3.141.59', revision: 'e82be7d358', time: '2018-11-14T08:17:03'
System info: host: 'VLADIMIR', ip: '192.168.1.141', os.name: 'Windows 10', os.arch: 'amd64', os.version: '10.0', java.version: '1.8.0_261'
Driver info: org.openqa.selenium.chrome.ChromeDriver
Capabilities {acceptInsecureCerts: false, browserName: chrome, browserVersion: 84.0.4147.125, chrome: {chromedriverVersion: 84.0.4147.30 (48b3e868b4cc0..., userDataDir: C:\Users\User\AppData\Local...}, goog:chromeOptions: {debuggerAddress: localhost:58820}, javascriptEnabled: true, networkConnectionEnabled: false, pageLoadStrategy: normal, platform: WINDOWS, platformName: WINDOWS, proxy: Proxy(), setWindowRect: true, strictFileInteractability: false, timeouts: {implicit: 0, pageLoad: 300000, script: 30000}, unhandledPromptBehavior: dismiss and notify, webauthn:virtualAuthenticators: true}
Session ID: 7e46074e62a5ad1b512c668b694c5ac7
at org.openqa.selenium.support.ui.WebDriverWait.timeoutException(WebDriverWait.java:95)
at org.openqa.selenium.support.ui.FluentWait.until(FluentWait.java:272)
at com.pages.PageBase.currentPageCheckByTitle(PageBase.java:67)
at com.MainPageTest.logoutPositiveTest(MainPageTest.java:32)
at sun.reflect.NativeMethodAccessorImpl.invoke0(Native Method)
at sun.reflect.NativeMethodAccessorImpl.invoke(NativeMethodAccessorImpl.java:62)
at sun.reflect.DelegatingMethodAccessorImpl.invoke(DelegatingMethodAccessorImpl.java:43)
at java.lang.reflect.Method.invoke(Method.java:498)
at org.testng.internal.MethodInvocationHelper.invokeMethod(MethodInvocationHelper.java:133)
at org.testng.internal.TestInvoker.invokeMethod(TestInvoker.java:584)
at org.testng.internal.TestInvoker.invokeTestMethod(TestInvoker.java:172)
at org.testng.internal.MethodRunner.runInSequence(MethodRunner.java:46)
at org.testng.internal.TestInvoker$MethodInvocationAgent.invoke(TestInvoker.java:804)
at org.testng.internal.TestInvoker.invokeTestMethods(TestInvoker.java:145)
at org.testng.internal.TestMethodWorker.invokeTestMethods(TestMethodWorker.java:146)
at org.testng.internal.TestMethodWorker.run(TestMethodWorker.java:128)
at java.util.ArrayList.forEach(ArrayList.java:1259)
at org.testng.TestRunner.privateRun(TestRunner.java:770)
at org.testng.TestRunner.run(TestRunner.java:591)
at org.testng.SuiteRunner.runTest(SuiteRunner.java:402)
at org.testng.SuiteRunner.runSequentially(SuiteRunner.java:396)
at org.testng.SuiteRunner.privateRun(SuiteRunner.java:355)
at org.testng.SuiteRunner.run(SuiteRunner.java:304)
at org.testng.SuiteRunnerWorker.runSuite(SuiteRunnerWorker.java:53)
at org.testng.SuiteRunnerWorker.run(SuiteRunnerWorker.java:96)
at org.testng.TestNG.runSuitesSequentially(TestNG.java:1180)
at org.testng.TestNG.runSuitesLocally(TestNG.java:1102)
at org.testng.TestNG.runSuites(TestNG.java:1032)
at org.testng.TestNG.run(TestNG.java:1000)
at org.apache.maven.surefire.testng.TestNGExecutor.run(TestNGExecutor.java:283)
at org.apache.maven.surefire.testng.TestNGXmlTestSuite.execute(TestNGXmlTestSuite.java:75)
at org.apache.maven.surefire.testng.TestNGProvider.invoke(TestNGProvider.java:120)
at org.apache.maven.surefire.booter.ForkedBooter.invokeProviderInSameClassLoader(ForkedBooter.java:384)
at org.apache.maven.surefire.booter.ForkedBooter.runSuitesInProcess(ForkedBooter.java:345)
at org.apache.maven.surefire.booter.ForkedBooter.execute(ForkedBooter.java:126)
at org.apache.maven.surefire.booter.ForkedBooter.main(ForkedBooter.java:418)
]]>
            </full-stacktrace>
          </exception> <!-- org.openqa.selenium.TimeoutException -->
          <reporter-output>
          </reporter-output>
        </test-method> <!-- logoutPositiveTest -->
        <test-method status="PASS" signature="stopLogger(java.lang.reflect.Method, [Ljava.lang.Object;)[pri:0, instance:com.MainPageTest@1e730495]" name="stopLogger" is-config="true" duration-ms="0" started-at="2020-09-02T19:41:13 IDT" finished-at="2020-09-02T19:41:13 IDT">
          <params>
            <param index="0">
              <value>
                <![CDATA[public void com.MainPageTest.logoutPositiveTest()]]>
              </value>
            </param>
            <param index="1">
              <value>
                <![CDATA[[Ljava.lang.Object;@5e8c34a0]]>
              </value>
            </param>
          </params>
          <reporter-output>
          </reporter-output>
        </test-method> <!-- stopLogger -->
      </class> <!-- com.MainPageTest -->
      <class name="com.LoginPageTest">
        <test-method status="PASS" signature="initTestSuite()[pri:0, instance:com.LoginPageTest@23f7d05d]" name="initTestSuite" is-config="true" duration-ms="40" started-at="2020-09-02T19:34:51 IDT" finished-at="2020-09-02T19:34:51 IDT">
          <reporter-output>
          </reporter-output>
        </test-method> <!-- initTestSuite -->
        <test-method status="PASS" signature="initWebDriver()[pri:0, instance:com.LoginPageTest@23f7d05d]" name="initWebDriver" is-config="true" duration-ms="5583" started-at="2020-09-02T19:34:51 IDT" finished-at="2020-09-02T19:34:56 IDT">
          <reporter-output>
          </reporter-output>
        </test-method> <!-- initWebDriver -->
        <test-method status="PASS" signature="startLogger(java.lang.reflect.Method, [Ljava.lang.Object;)[pri:0, instance:com.LoginPageTest@23f7d05d]" name="startLogger" is-config="true" duration-ms="11" started-at="2020-09-02T19:34:56 IDT" finished-at="2020-09-02T19:34:56 IDT">
          <params>
            <param index="0">
              <value>
                <![CDATA[public void com.LoginPageTest.loginPositiveTest()]]>
              </value>
            </param>
            <param index="1">
              <value>
                <![CDATA[[Ljava.lang.Object;@3ac8cf9b]]>
              </value>
            </param>
          </params>
          <reporter-output>
          </reporter-output>
        </test-method> <!-- startLogger -->
        <test-method status="PASS" signature="initPageObjects()[pri:0, instance:com.LoginPageTest@23f7d05d]" name="initPageObjects" is-config="true" duration-ms="2137" started-at="2020-09-02T19:34:56 IDT" finished-at="2020-09-02T19:34:59 IDT">
          <reporter-output>
          </reporter-output>
        </test-method> <!-- initPageObjects -->
        <test-method status="FAIL" signature="loginPositiveTest()[pri:0, instance:com.LoginPageTest@23f7d05d]" name="loginPositiveTest" duration-ms="60979" started-at="2020-09-02T19:34:59 IDT" finished-at="2020-09-02T19:36:00 IDT">
          <exception class="org.openqa.selenium.TimeoutException">
            <message>
              <![CDATA[Expected condition failed: waiting for title to contain "Ð›ÐµÐ½Ñ‚Ð° - WorkFlow". Current title: "Лента - WorkFlow" (tried for 60 second(s) with 500 milliseconds interval)
Build info: version: '3.141.59', revision: 'e82be7d358', time: '2018-11-14T08:17:03'
System info: host: 'VLADIMIR', ip: '192.168.1.141', os.name: 'Windows 10', os.arch: 'amd64', os.version: '10.0', java.version: '1.8.0_261'
Driver info: org.openqa.selenium.chrome.ChromeDriver
Capabilities {acceptInsecureCerts: false, browserName: chrome, browserVersion: 84.0.4147.125, chrome: {chromedriverVersion: 84.0.4147.30 (48b3e868b4cc0..., userDataDir: C:\Users\User\AppData\Local...}, goog:chromeOptions: {debuggerAddress: localhost:58325}, javascriptEnabled: true, networkConnectionEnabled: false, pageLoadStrategy: normal, platform: WINDOWS, platformName: WINDOWS, proxy: Proxy(), setWindowRect: true, strictFileInteractability: false, timeouts: {implicit: 0, pageLoad: 300000, script: 30000}, unhandledPromptBehavior: dismiss and notify, webauthn:virtualAuthenticators: true}
Session ID: 672e3702e72f729d8a9c45e6ff52e0f7]]>
            </message>
            <full-stacktrace>
              <![CDATA[org.openqa.selenium.TimeoutException: Expected condition failed: waiting for title to contain "Ð›ÐµÐ½Ñ‚Ð° - WorkFlow". Current title: "Лента - WorkFlow" (tried for 60 second(s) with 500 milliseconds interval)
Build info: version: '3.141.59', revision: 'e82be7d358', time: '2018-11-14T08:17:03'
System info: host: 'VLADIMIR', ip: '192.168.1.141', os.name: 'Windows 10', os.arch: 'amd64', os.version: '10.0', java.version: '1.8.0_261'
Driver info: org.openqa.selenium.chrome.ChromeDriver
Capabilities {acceptInsecureCerts: false, browserName: chrome, browserVersion: 84.0.4147.125, chrome: {chromedriverVersion: 84.0.4147.30 (48b3e868b4cc0..., userDataDir: C:\Users\User\AppData\Local...}, goog:chromeOptions: {debuggerAddress: localhost:58325}, javascriptEnabled: true, networkConnectionEnabled: false, pageLoadStrategy: normal, platform: WINDOWS, platformName: WINDOWS, proxy: Proxy(), setWindowRect: true, strictFileInteractability: false, timeouts: {implicit: 0, pageLoad: 300000, script: 30000}, unhandledPromptBehavior: dismiss and notify, webauthn:virtualAuthenticators: true}
Session ID: 672e3702e72f729d8a9c45e6ff52e0f7
at org.openqa.selenium.support.ui.WebDriverWait.timeoutException(WebDriverWait.java:95)
at org.openqa.selenium.support.ui.FluentWait.until(FluentWait.java:272)
at com.pages.PageBase.currentPageCheckByTitle(PageBase.java:67)
at com.LoginPageTest.loginPositiveTest(LoginPageTest.java:49)
at sun.reflect.NativeMethodAccessorImpl.invoke0(Native Method)
at sun.reflect.NativeMethodAccessorImpl.invoke(NativeMethodAccessorImpl.java:62)
at sun.reflect.DelegatingMethodAccessorImpl.invoke(DelegatingMethodAccessorImpl.java:43)
at java.lang.reflect.Method.invoke(Method.java:498)
at org.testng.internal.MethodInvocationHelper.invokeMethod(MethodInvocationHelper.java:133)
at org.testng.internal.TestInvoker.invokeMethod(TestInvoker.java:584)
at org.testng.internal.TestInvoker.invokeTestMethod(TestInvoker.java:172)
at org.testng.internal.MethodRunner.runInSequence(MethodRunner.java:46)
at org.testng.internal.TestInvoker$MethodInvocationAgent.invoke(TestInvoker.java:804)
at org.testng.internal.TestInvoker.invokeTestMethods(TestInvoker.java:145)
at org.testng.internal.TestMethodWorker.invokeTestMethods(TestMethodWorker.java:146)
at org.testng.internal.TestMethodWorker.run(TestMethodWorker.java:128)
at java.util.ArrayList.forEach(ArrayList.java:1259)
at org.testng.TestRunner.privateRun(TestRunner.java:770)
at org.testng.TestRunner.run(TestRunner.java:591)
at org.testng.SuiteRunner.runTest(SuiteRunner.java:402)
at org.testng.SuiteRunner.runSequentially(SuiteRunner.java:396)
at org.testng.SuiteRunner.privateRun(SuiteRunner.java:355)
at org.testng.SuiteRunner.run(SuiteRunner.java:304)
at org.testng.SuiteRunnerWorker.runSuite(SuiteRunnerWorker.java:53)
at org.testng.SuiteRunnerWorker.run(SuiteRunnerWorker.java:96)
at org.testng.TestNG.runSuitesSequentially(TestNG.java:1180)
at org.testng.TestNG.runSuitesLocally(TestNG.java:1102)
at org.testng.TestNG.runSuites(TestNG.java:1032)
at org.testng.TestNG.run(TestNG.java:1000)
at org.apache.maven.surefire.testng.TestNGExecutor.run(TestNGExecutor.java:283)
at org.apache.maven.surefire.testng.TestNGXmlTestSuite.execute(TestNGXmlTestSuite.java:75)
at org.apache.maven.surefire.testng.TestNGProvider.invoke(TestNGProvider.java:120)
at org.apache.maven.surefire.booter.ForkedBooter.invokeProviderInSameClassLoader(ForkedBooter.java:384)
at org.apache.maven.surefire.booter.ForkedBooter.runSuitesInProcess(ForkedBooter.java:345)
at org.apache.maven.surefire.booter.ForkedBooter.execute(ForkedBooter.java:126)
at org.apache.maven.surefire.booter.ForkedBooter.main(ForkedBooter.java:418)
]]>
            </full-stacktrace>
          </exception> <!-- org.openqa.selenium.TimeoutException -->
          <reporter-output>
          </reporter-output>
        </test-method> <!-- loginPositiveTest -->
        <test-method status="PASS" signature="TearDown()[pri:0, instance:com.LoginPageTest@23f7d05d]" name="TearDown" is-config="true" duration-ms="1037" started-at="2020-09-02T19:36:00 IDT" finished-at="2020-09-02T19:36:01 IDT">
          <reporter-output>
          </reporter-output>
        </test-method> <!-- TearDown -->
        <test-method status="PASS" signature="stopLogger(java.lang.reflect.Method, [Ljava.lang.Object;)[pri:0, instance:com.LoginPageTest@23f7d05d]" name="stopLogger" is-config="true" duration-ms="2" started-at="2020-09-02T19:36:01 IDT" finished-at="2020-09-02T19:36:01 IDT">
          <params>
            <param index="0">
              <value>
                <![CDATA[public void com.LoginPageTest.loginPositiveTest()]]>
              </value>
            </param>
            <param index="1">
              <value>
                <![CDATA[[Ljava.lang.Object;@3ac8cf9b]]>
              </value>
            </param>
          </params>
          <reporter-output>
          </reporter-output>
        </test-method> <!-- stopLogger -->
        <test-method status="PASS" signature="initWebDriver()[pri:0, instance:com.LoginPageTest@23f7d05d]" name="initWebDriver" is-config="true" duration-ms="3879" started-at="2020-09-02T19:36:01 IDT" finished-at="2020-09-02T19:36:05 IDT">
          <reporter-output>
          </reporter-output>
        </test-method> <!-- initWebDriver -->
        <test-method status="PASS" signature="startLogger(java.lang.reflect.Method, [Ljava.lang.Object;)[pri:0, instance:com.LoginPageTest@23f7d05d]" name="startLogger" is-config="true" duration-ms="3" started-at="2020-09-02T19:36:05 IDT" finished-at="2020-09-02T19:36:05 IDT">
          <params>
            <param index="0">
              <value>
                <![CDATA[public void com.LoginPageTest.loginNegativeCurrentAccountTest()]]>
              </value>
            </param>
            <param index="1">
              <value>
                <![CDATA[[Ljava.lang.Object;@55ec556]]>
              </value>
            </param>
          </params>
          <reporter-output>
          </reporter-output>
        </test-method> <!-- startLogger -->
        <test-method status="PASS" signature="initPageObjects()[pri:0, instance:com.LoginPageTest@23f7d05d]" name="initPageObjects" is-config="true" duration-ms="2824" started-at="2020-09-02T19:36:05 IDT" finished-at="2020-09-02T19:36:07 IDT">
          <reporter-output>
          </reporter-output>
        </test-method> <!-- initPageObjects -->
        <test-method status="PASS" signature="loginNegativeCurrentAccountTest()[pri:1, instance:com.LoginPageTest@23f7d05d]" name="loginNegativeCurrentAccountTest" duration-ms="588" started-at="2020-09-02T19:36:07 IDT" finished-at="2020-09-02T19:36:08 IDT">
          <reporter-output>
          </reporter-output>
        </test-method> <!-- loginNegativeCurrentAccountTest -->
        <test-method status="PASS" signature="TearDown()[pri:0, instance:com.LoginPageTest@23f7d05d]" name="TearDown" is-config="true" duration-ms="904" started-at="2020-09-02T19:36:08 IDT" finished-at="2020-09-02T19:36:09 IDT">
          <reporter-output>
          </reporter-output>
        </test-method> <!-- TearDown -->
        <test-method status="PASS" signature="stopLogger(java.lang.reflect.Method, [Ljava.lang.Object;)[pri:0, instance:com.LoginPageTest@23f7d05d]" name="stopLogger" is-config="true" duration-ms="2" started-at="2020-09-02T19:36:09 IDT" finished-at="2020-09-02T19:36:09 IDT">
          <params>
            <param index="0">
              <value>
                <![CDATA[public void com.LoginPageTest.loginNegativeCurrentAccountTest()]]>
              </value>
            </param>
            <param index="1">
              <value>
                <![CDATA[[Ljava.lang.Object;@55ec556]]>
              </value>
            </param>
          </params>
          <reporter-output>
          </reporter-output>
        </test-method> <!-- stopLogger -->
        <test-method status="PASS" signature="initWebDriver()[pri:0, instance:com.LoginPageTest@23f7d05d]" name="initWebDriver" is-config="true" duration-ms="3824" started-at="2020-09-02T19:36:09 IDT" finished-at="2020-09-02T19:36:13 IDT">
          <reporter-output>
          </reporter-output>
        </test-method> <!-- initWebDriver -->
        <test-method status="PASS" signature="startLogger(java.lang.reflect.Method, [Ljava.lang.Object;)[pri:0, instance:com.LoginPageTest@23f7d05d]" name="startLogger" is-config="true" duration-ms="1" started-at="2020-09-02T19:36:13 IDT" finished-at="2020-09-02T19:36:13 IDT">
          <params>
            <param index="0">
              <value>
                <![CDATA[public void com.LoginPageTest.loginNegativeRememberCheckBoxTest() throws java.awt.AWTException]]>
              </value>
            </param>
            <param index="1">
              <value>
                <![CDATA[[Ljava.lang.Object;@1b15f922]]>
              </value>
            </param>
          </params>
          <reporter-output>
          </reporter-output>
        </test-method> <!-- startLogger -->
        <test-method status="PASS" signature="initPageObjects()[pri:0, instance:com.LoginPageTest@23f7d05d]" name="initPageObjects" is-config="true" duration-ms="2086" started-at="2020-09-02T19:36:13 IDT" finished-at="2020-09-02T19:36:15 IDT">
          <reporter-output>
          </reporter-output>
        </test-method> <!-- initPageObjects -->
        <test-method status="FAIL" signature="loginNegativeRememberCheckBoxTest()[pri:1, instance:com.LoginPageTest@23f7d05d]" name="loginNegativeRememberCheckBoxTest" duration-ms="61046" started-at="2020-09-02T19:36:15 IDT" finished-at="2020-09-02T19:37:16 IDT">
          <exception class="org.openqa.selenium.TimeoutException">
            <message>
              <![CDATA[Expected condition failed: waiting for title to contain "Ð›ÐµÐ½Ñ‚Ð° - WorkFlow". Current title: "Лента - WorkFlow" (tried for 60 second(s) with 500 milliseconds interval)
Build info: version: '3.141.59', revision: 'e82be7d358', time: '2018-11-14T08:17:03'
System info: host: 'VLADIMIR', ip: '192.168.1.141', os.name: 'Windows 10', os.arch: 'amd64', os.version: '10.0', java.version: '1.8.0_261'
Driver info: org.openqa.selenium.chrome.ChromeDriver
Capabilities {acceptInsecureCerts: false, browserName: chrome, browserVersion: 84.0.4147.125, chrome: {chromedriverVersion: 84.0.4147.30 (48b3e868b4cc0..., userDataDir: C:\Users\User\AppData\Local...}, goog:chromeOptions: {debuggerAddress: localhost:58485}, javascriptEnabled: true, networkConnectionEnabled: false, pageLoadStrategy: normal, platform: WINDOWS, platformName: WINDOWS, proxy: Proxy(), setWindowRect: true, strictFileInteractability: false, timeouts: {implicit: 0, pageLoad: 300000, script: 30000}, unhandledPromptBehavior: dismiss and notify, webauthn:virtualAuthenticators: true}
Session ID: 561cb88d5cef24581e74a0185091664a]]>
            </message>
            <full-stacktrace>
              <![CDATA[org.openqa.selenium.TimeoutException: Expected condition failed: waiting for title to contain "Ð›ÐµÐ½Ñ‚Ð° - WorkFlow". Current title: "Лента - WorkFlow" (tried for 60 second(s) with 500 milliseconds interval)
Build info: version: '3.141.59', revision: 'e82be7d358', time: '2018-11-14T08:17:03'
System info: host: 'VLADIMIR', ip: '192.168.1.141', os.name: 'Windows 10', os.arch: 'amd64', os.version: '10.0', java.version: '1.8.0_261'
Driver info: org.openqa.selenium.chrome.ChromeDriver
Capabilities {acceptInsecureCerts: false, browserName: chrome, browserVersion: 84.0.4147.125, chrome: {chromedriverVersion: 84.0.4147.30 (48b3e868b4cc0..., userDataDir: C:\Users\User\AppData\Local...}, goog:chromeOptions: {debuggerAddress: localhost:58485}, javascriptEnabled: true, networkConnectionEnabled: false, pageLoadStrategy: normal, platform: WINDOWS, platformName: WINDOWS, proxy: Proxy(), setWindowRect: true, strictFileInteractability: false, timeouts: {implicit: 0, pageLoad: 300000, script: 30000}, unhandledPromptBehavior: dismiss and notify, webauthn:virtualAuthenticators: true}
Session ID: 561cb88d5cef24581e74a0185091664a
at org.openqa.selenium.support.ui.WebDriverWait.timeoutException(WebDriverWait.java:95)
at org.openqa.selenium.support.ui.FluentWait.until(FluentWait.java:272)
at com.pages.PageBase.currentPageCheckByTitle(PageBase.java:67)
at com.LoginPageTest.loginNegativeRememberCheckBoxTest(LoginPageTest.java:90)
at sun.reflect.NativeMethodAccessorImpl.invoke0(Native Method)
at sun.reflect.NativeMethodAccessorImpl.invoke(NativeMethodAccessorImpl.java:62)
at sun.reflect.DelegatingMethodAccessorImpl.invoke(DelegatingMethodAccessorImpl.java:43)
at java.lang.reflect.Method.invoke(Method.java:498)
at org.testng.internal.MethodInvocationHelper.invokeMethod(MethodInvocationHelper.java:133)
at org.testng.internal.TestInvoker.invokeMethod(TestInvoker.java:584)
at org.testng.internal.TestInvoker.invokeTestMethod(TestInvoker.java:172)
at org.testng.internal.MethodRunner.runInSequence(MethodRunner.java:46)
at org.testng.internal.TestInvoker$MethodInvocationAgent.invoke(TestInvoker.java:804)
at org.testng.internal.TestInvoker.invokeTestMethods(TestInvoker.java:145)
at org.testng.internal.TestMethodWorker.invokeTestMethods(TestMethodWorker.java:146)
at org.testng.internal.TestMethodWorker.run(TestMethodWorker.java:128)
at java.util.ArrayList.forEach(ArrayList.java:1259)
at org.testng.TestRunner.privateRun(TestRunner.java:770)
at org.testng.TestRunner.run(TestRunner.java:591)
at org.testng.SuiteRunner.runTest(SuiteRunner.java:402)
at org.testng.SuiteRunner.runSequentially(SuiteRunner.java:396)
at org.testng.SuiteRunner.privateRun(SuiteRunner.java:355)
at org.testng.SuiteRunner.run(SuiteRunner.java:304)
at org.testng.SuiteRunnerWorker.runSuite(SuiteRunnerWorker.java:53)
at org.testng.SuiteRunnerWorker.run(SuiteRunnerWorker.java:96)
at org.testng.TestNG.runSuitesSequentially(TestNG.java:1180)
at org.testng.TestNG.runSuitesLocally(TestNG.java:1102)
at org.testng.TestNG.runSuites(TestNG.java:1032)
at org.testng.TestNG.run(TestNG.java:1000)
at org.apache.maven.surefire.testng.TestNGExecutor.run(TestNGExecutor.java:283)
at org.apache.maven.surefire.testng.TestNGXmlTestSuite.execute(TestNGXmlTestSuite.java:75)
at org.apache.maven.surefire.testng.TestNGProvider.invoke(TestNGProvider.java:120)
at org.apache.maven.surefire.booter.ForkedBooter.invokeProviderInSameClassLoader(ForkedBooter.java:384)
at org.apache.maven.surefire.booter.ForkedBooter.runSuitesInProcess(ForkedBooter.java:345)
at org.apache.maven.surefire.booter.ForkedBooter.execute(ForkedBooter.java:126)
at org.apache.maven.surefire.booter.ForkedBooter.main(ForkedBooter.java:418)
]]>
            </full-stacktrace>
          </exception> <!-- org.openqa.selenium.TimeoutException -->
          <reporter-output>
          </reporter-output>
        </test-method> <!-- loginNegativeRememberCheckBoxTest -->
        <test-method status="PASS" signature="TearDown()[pri:0, instance:com.LoginPageTest@23f7d05d]" name="TearDown" is-config="true" duration-ms="1046" started-at="2020-09-02T19:37:16 IDT" finished-at="2020-09-02T19:37:17 IDT">
          <reporter-output>
          </reporter-output>
        </test-method> <!-- TearDown -->
        <test-method status="PASS" signature="stopLogger(java.lang.reflect.Method, [Ljava.lang.Object;)[pri:0, instance:com.LoginPageTest@23f7d05d]" name="stopLogger" is-config="true" duration-ms="2" started-at="2020-09-02T19:37:17 IDT" finished-at="2020-09-02T19:37:17 IDT">
          <params>
            <param index="0">
              <value>
                <![CDATA[public void com.LoginPageTest.loginNegativeRememberCheckBoxTest() throws java.awt.AWTException]]>
              </value>
            </param>
            <param index="1">
              <value>
                <![CDATA[[Ljava.lang.Object;@1b15f922]]>
              </value>
            </param>
          </params>
          <reporter-output>
          </reporter-output>
        </test-method> <!-- stopLogger -->
        <test-method status="PASS" signature="initWebDriver()[pri:0, instance:com.LoginPageTest@23f7d05d]" name="initWebDriver" is-config="true" duration-ms="3962" started-at="2020-09-02T19:37:17 IDT" finished-at="2020-09-02T19:37:21 IDT">
          <reporter-output>
          </reporter-output>
        </test-method> <!-- initWebDriver -->
        <test-method status="PASS" signature="startLogger(java.lang.reflect.Method, [Ljava.lang.Object;)[pri:0, instance:com.LoginPageTest@23f7d05d]" name="startLogger" is-config="true" duration-ms="1" started-at="2020-09-02T19:37:21 IDT" finished-at="2020-09-02T19:37:21 IDT">
          <params>
            <param index="0">
              <value>
                <![CDATA[public void com.LoginPageTest.loginPageTitleTest()]]>
              </value>
            </param>
            <param index="1">
              <value>
                <![CDATA[[Ljava.lang.Object;@37ce3644]]>
              </value>
            </param>
          </params>
          <reporter-output>
          </reporter-output>
        </test-method> <!-- startLogger -->
        <test-method status="PASS" signature="initPageObjects()[pri:0, instance:com.LoginPageTest@23f7d05d]" name="initPageObjects" is-config="true" duration-ms="2734" started-at="2020-09-02T19:37:21 IDT" finished-at="2020-09-02T19:37:24 IDT">
          <reporter-output>
          </reporter-output>
        </test-method> <!-- initPageObjects -->
        <test-method status="PASS" signature="loginPageTitleTest()[pri:1, instance:com.LoginPageTest@23f7d05d]" name="loginPageTitleTest" duration-ms="18" started-at="2020-09-02T19:37:24 IDT" finished-at="2020-09-02T19:37:24 IDT">
          <reporter-output>
          </reporter-output>
        </test-method> <!-- loginPageTitleTest -->
        <test-method status="PASS" signature="TearDown()[pri:0, instance:com.LoginPageTest@23f7d05d]" name="TearDown" is-config="true" duration-ms="990" started-at="2020-09-02T19:37:24 IDT" finished-at="2020-09-02T19:37:25 IDT">
          <reporter-output>
          </reporter-output>
        </test-method> <!-- TearDown -->
        <test-method status="PASS" signature="stopLogger(java.lang.reflect.Method, [Ljava.lang.Object;)[pri:0, instance:com.LoginPageTest@23f7d05d]" name="stopLogger" is-config="true" duration-ms="2" started-at="2020-09-02T19:37:25 IDT" finished-at="2020-09-02T19:37:25 IDT">
          <params>
            <param index="0">
              <value>
                <![CDATA[public void com.LoginPageTest.loginPageTitleTest()]]>
              </value>
            </param>
            <param index="1">
              <value>
                <![CDATA[[Ljava.lang.Object;@37ce3644]]>
              </value>
            </param>
          </params>
          <reporter-output>
          </reporter-output>
        </test-method> <!-- stopLogger -->
        <test-method status="PASS" signature="initWebDriver()[pri:0, instance:com.LoginPageTest@23f7d05d]" name="initWebDriver" is-config="true" duration-ms="3807" started-at="2020-09-02T19:37:25 IDT" finished-at="2020-09-02T19:37:28 IDT">
          <reporter-output>
          </reporter-output>
        </test-method> <!-- initWebDriver -->
        <test-method status="PASS" signature="startLogger(java.lang.reflect.Method, [Ljava.lang.Object;)[pri:0, instance:com.LoginPageTest@23f7d05d]" name="startLogger" is-config="true" duration-ms="4" started-at="2020-09-02T19:37:28 IDT" finished-at="2020-09-02T19:37:28 IDT">
          <params>
            <param index="0">
              <value>
                <![CDATA[public void com.LoginPageTest.loginPositiveRememberCheckBox1Test() throws java.awt.AWTException]]>
              </value>
            </param>
            <param index="1">
              <value>
                <![CDATA[[Ljava.lang.Object;@4b869331]]>
              </value>
            </param>
          </params>
          <reporter-output>
          </reporter-output>
        </test-method> <!-- startLogger -->
        <test-method status="PASS" signature="initPageObjects()[pri:0, instance:com.LoginPageTest@23f7d05d]" name="initPageObjects" is-config="true" duration-ms="2007" started-at="2020-09-02T19:37:28 IDT" finished-at="2020-09-02T19:37:30 IDT">
          <reporter-output>
          </reporter-output>
        </test-method> <!-- initPageObjects -->
        <test-method status="FAIL" signature="loginPositiveRememberCheckBox1Test()[pri:1, instance:com.LoginPageTest@23f7d05d]" name="loginPositiveRememberCheckBox1Test" duration-ms="60945" started-at="2020-09-02T19:37:30 IDT" finished-at="2020-09-02T19:38:31 IDT">
          <exception class="org.openqa.selenium.TimeoutException">
            <message>
              <![CDATA[Expected condition failed: waiting for title to contain "Ð›ÐµÐ½Ñ‚Ð° - WorkFlow". Current title: "Лента - WorkFlow" (tried for 60 second(s) with 500 milliseconds interval)
Build info: version: '3.141.59', revision: 'e82be7d358', time: '2018-11-14T08:17:03'
System info: host: 'VLADIMIR', ip: '192.168.1.141', os.name: 'Windows 10', os.arch: 'amd64', os.version: '10.0', java.version: '1.8.0_261'
Driver info: org.openqa.selenium.chrome.ChromeDriver
Capabilities {acceptInsecureCerts: false, browserName: chrome, browserVersion: 84.0.4147.125, chrome: {chromedriverVersion: 84.0.4147.30 (48b3e868b4cc0..., userDataDir: C:\Users\User\AppData\Local...}, goog:chromeOptions: {debuggerAddress: localhost:58584}, javascriptEnabled: true, networkConnectionEnabled: false, pageLoadStrategy: normal, platform: WINDOWS, platformName: WINDOWS, proxy: Proxy(), setWindowRect: true, strictFileInteractability: false, timeouts: {implicit: 0, pageLoad: 300000, script: 30000}, unhandledPromptBehavior: dismiss and notify, webauthn:virtualAuthenticators: true}
Session ID: 850acbbb0e693879b2cf231072cbd2b5]]>
            </message>
            <full-stacktrace>
              <![CDATA[org.openqa.selenium.TimeoutException: Expected condition failed: waiting for title to contain "Ð›ÐµÐ½Ñ‚Ð° - WorkFlow". Current title: "Лента - WorkFlow" (tried for 60 second(s) with 500 milliseconds interval)
Build info: version: '3.141.59', revision: 'e82be7d358', time: '2018-11-14T08:17:03'
System info: host: 'VLADIMIR', ip: '192.168.1.141', os.name: 'Windows 10', os.arch: 'amd64', os.version: '10.0', java.version: '1.8.0_261'
Driver info: org.openqa.selenium.chrome.ChromeDriver
Capabilities {acceptInsecureCerts: false, browserName: chrome, browserVersion: 84.0.4147.125, chrome: {chromedriverVersion: 84.0.4147.30 (48b3e868b4cc0..., userDataDir: C:\Users\User\AppData\Local...}, goog:chromeOptions: {debuggerAddress: localhost:58584}, javascriptEnabled: true, networkConnectionEnabled: false, pageLoadStrategy: normal, platform: WINDOWS, platformName: WINDOWS, proxy: Proxy(), setWindowRect: true, strictFileInteractability: false, timeouts: {implicit: 0, pageLoad: 300000, script: 30000}, unhandledPromptBehavior: dismiss and notify, webauthn:virtualAuthenticators: true}
Session ID: 850acbbb0e693879b2cf231072cbd2b5
at org.openqa.selenium.support.ui.WebDriverWait.timeoutException(WebDriverWait.java:95)
at org.openqa.selenium.support.ui.FluentWait.until(FluentWait.java:272)
at com.pages.PageBase.currentPageCheckByTitle(PageBase.java:67)
at com.LoginPageTest.loginPositiveRememberCheckBox1Test(LoginPageTest.java:101)
at sun.reflect.NativeMethodAccessorImpl.invoke0(Native Method)
at sun.reflect.NativeMethodAccessorImpl.invoke(NativeMethodAccessorImpl.java:62)
at sun.reflect.DelegatingMethodAccessorImpl.invoke(DelegatingMethodAccessorImpl.java:43)
at java.lang.reflect.Method.invoke(Method.java:498)
at org.testng.internal.MethodInvocationHelper.invokeMethod(MethodInvocationHelper.java:133)
at org.testng.internal.TestInvoker.invokeMethod(TestInvoker.java:584)
at org.testng.internal.TestInvoker.invokeTestMethod(TestInvoker.java:172)
at org.testng.internal.MethodRunner.runInSequence(MethodRunner.java:46)
at org.testng.internal.TestInvoker$MethodInvocationAgent.invoke(TestInvoker.java:804)
at org.testng.internal.TestInvoker.invokeTestMethods(TestInvoker.java:145)
at org.testng.internal.TestMethodWorker.invokeTestMethods(TestMethodWorker.java:146)
at org.testng.internal.TestMethodWorker.run(TestMethodWorker.java:128)
at java.util.ArrayList.forEach(ArrayList.java:1259)
at org.testng.TestRunner.privateRun(TestRunner.java:770)
at org.testng.TestRunner.run(TestRunner.java:591)
at org.testng.SuiteRunner.runTest(SuiteRunner.java:402)
at org.testng.SuiteRunner.runSequentially(SuiteRunner.java:396)
at org.testng.SuiteRunner.privateRun(SuiteRunner.java:355)
at org.testng.SuiteRunner.run(SuiteRunner.java:304)
at org.testng.SuiteRunnerWorker.runSuite(SuiteRunnerWorker.java:53)
at org.testng.SuiteRunnerWorker.run(SuiteRunnerWorker.java:96)
at org.testng.TestNG.runSuitesSequentially(TestNG.java:1180)
at org.testng.TestNG.runSuitesLocally(TestNG.java:1102)
at org.testng.TestNG.runSuites(TestNG.java:1032)
at org.testng.TestNG.run(TestNG.java:1000)
at org.apache.maven.surefire.testng.TestNGExecutor.run(TestNGExecutor.java:283)
at org.apache.maven.surefire.testng.TestNGXmlTestSuite.execute(TestNGXmlTestSuite.java:75)
at org.apache.maven.surefire.testng.TestNGProvider.invoke(TestNGProvider.java:120)
at org.apache.maven.surefire.booter.ForkedBooter.invokeProviderInSameClassLoader(ForkedBooter.java:384)
at org.apache.maven.surefire.booter.ForkedBooter.runSuitesInProcess(ForkedBooter.java:345)
at org.apache.maven.surefire.booter.ForkedBooter.execute(ForkedBooter.java:126)
at org.apache.maven.surefire.booter.ForkedBooter.main(ForkedBooter.java:418)
]]>
            </full-stacktrace>
          </exception> <!-- org.openqa.selenium.TimeoutException -->
          <reporter-output>
          </reporter-output>
        </test-method> <!-- loginPositiveRememberCheckBox1Test -->
        <test-method status="PASS" signature="TearDown()[pri:0, instance:com.LoginPageTest@23f7d05d]" name="TearDown" is-config="true" duration-ms="1011" started-at="2020-09-02T19:38:31 IDT" finished-at="2020-09-02T19:38:32 IDT">
          <reporter-output>
          </reporter-output>
        </test-method> <!-- TearDown -->
        <test-method status="PASS" signature="stopLogger(java.lang.reflect.Method, [Ljava.lang.Object;)[pri:0, instance:com.LoginPageTest@23f7d05d]" name="stopLogger" is-config="true" duration-ms="1" started-at="2020-09-02T19:38:32 IDT" finished-at="2020-09-02T19:38:32 IDT">
          <params>
            <param index="0">
              <value>
                <![CDATA[public void com.LoginPageTest.loginPositiveRememberCheckBox1Test() throws java.awt.AWTException]]>
              </value>
            </param>
            <param index="1">
              <value>
                <![CDATA[[Ljava.lang.Object;@4b869331]]>
              </value>
            </param>
          </params>
          <reporter-output>
          </reporter-output>
        </test-method> <!-- stopLogger -->
        <test-method status="PASS" signature="initWebDriver()[pri:0, instance:com.LoginPageTest@23f7d05d]" name="initWebDriver" is-config="true" duration-ms="3740" started-at="2020-09-02T19:38:32 IDT" finished-at="2020-09-02T19:38:36 IDT">
          <reporter-output>
          </reporter-output>
        </test-method> <!-- initWebDriver -->
        <test-method status="PASS" signature="startLogger(java.lang.reflect.Method, [Ljava.lang.Object;)[pri:0, instance:com.LoginPageTest@23f7d05d]" name="startLogger" is-config="true" duration-ms="2" started-at="2020-09-02T19:38:36 IDT" finished-at="2020-09-02T19:38:36 IDT">
          <params>
            <param index="0">
              <value>
                <![CDATA[public void com.LoginPageTest.loginPositiveRememberCheckBoxTest() throws java.awt.AWTException]]>
              </value>
            </param>
            <param index="1">
              <value>
                <![CDATA[[Ljava.lang.Object;@38018b62]]>
              </value>
            </param>
          </params>
          <reporter-output>
          </reporter-output>
        </test-method> <!-- startLogger -->
        <test-method status="PASS" signature="initPageObjects()[pri:0, instance:com.LoginPageTest@23f7d05d]" name="initPageObjects" is-config="true" duration-ms="2080" started-at="2020-09-02T19:38:36 IDT" finished-at="2020-09-02T19:38:38 IDT">
          <reporter-output>
          </reporter-output>
        </test-method> <!-- initPageObjects -->
        <test-method status="FAIL" signature="loginPositiveRememberCheckBoxTest()[pri:1, instance:com.LoginPageTest@23f7d05d]" name="loginPositiveRememberCheckBoxTest" duration-ms="61441" started-at="2020-09-02T19:38:38 IDT" finished-at="2020-09-02T19:39:40 IDT">
          <exception class="org.openqa.selenium.TimeoutException">
            <message>
              <![CDATA[Expected condition failed: waiting for title to contain "Ð›ÐµÐ½Ñ‚Ð° - WorkFlow". Current title: "Лента - WorkFlow" (tried for 60 second(s) with 500 milliseconds interval)
Build info: version: '3.141.59', revision: 'e82be7d358', time: '2018-11-14T08:17:03'
System info: host: 'VLADIMIR', ip: '192.168.1.141', os.name: 'Windows 10', os.arch: 'amd64', os.version: '10.0', java.version: '1.8.0_261'
Driver info: org.openqa.selenium.chrome.ChromeDriver
Capabilities {acceptInsecureCerts: false, browserName: chrome, browserVersion: 84.0.4147.125, chrome: {chromedriverVersion: 84.0.4147.30 (48b3e868b4cc0..., userDataDir: C:\Users\User\AppData\Local...}, goog:chromeOptions: {debuggerAddress: localhost:58671}, javascriptEnabled: true, networkConnectionEnabled: false, pageLoadStrategy: normal, platform: WINDOWS, platformName: WINDOWS, proxy: Proxy(), setWindowRect: true, strictFileInteractability: false, timeouts: {implicit: 0, pageLoad: 300000, script: 30000}, unhandledPromptBehavior: dismiss and notify, webauthn:virtualAuthenticators: true}
Session ID: d247a5e8a9117a4d95ba2f671de0e2b1]]>
            </message>
            <full-stacktrace>
              <![CDATA[org.openqa.selenium.TimeoutException: Expected condition failed: waiting for title to contain "Ð›ÐµÐ½Ñ‚Ð° - WorkFlow". Current title: "Лента - WorkFlow" (tried for 60 second(s) with 500 milliseconds interval)
Build info: version: '3.141.59', revision: 'e82be7d358', time: '2018-11-14T08:17:03'
System info: host: 'VLADIMIR', ip: '192.168.1.141', os.name: 'Windows 10', os.arch: 'amd64', os.version: '10.0', java.version: '1.8.0_261'
Driver info: org.openqa.selenium.chrome.ChromeDriver
Capabilities {acceptInsecureCerts: false, browserName: chrome, browserVersion: 84.0.4147.125, chrome: {chromedriverVersion: 84.0.4147.30 (48b3e868b4cc0..., userDataDir: C:\Users\User\AppData\Local...}, goog:chromeOptions: {debuggerAddress: localhost:58671}, javascriptEnabled: true, networkConnectionEnabled: false, pageLoadStrategy: normal, platform: WINDOWS, platformName: WINDOWS, proxy: Proxy(), setWindowRect: true, strictFileInteractability: false, timeouts: {implicit: 0, pageLoad: 300000, script: 30000}, unhandledPromptBehavior: dismiss and notify, webauthn:virtualAuthenticators: true}
Session ID: d247a5e8a9117a4d95ba2f671de0e2b1
at org.openqa.selenium.support.ui.WebDriverWait.timeoutException(WebDriverWait.java:95)
at org.openqa.selenium.support.ui.FluentWait.until(FluentWait.java:272)
at com.pages.PageBase.currentPageCheckByTitle(PageBase.java:67)
at com.LoginPageTest.loginPositiveRememberCheckBoxTest(LoginPageTest.java:59)
at sun.reflect.NativeMethodAccessorImpl.invoke0(Native Method)
at sun.reflect.NativeMethodAccessorImpl.invoke(NativeMethodAccessorImpl.java:62)
at sun.reflect.DelegatingMethodAccessorImpl.invoke(DelegatingMethodAccessorImpl.java:43)
at java.lang.reflect.Method.invoke(Method.java:498)
at org.testng.internal.MethodInvocationHelper.invokeMethod(MethodInvocationHelper.java:133)
at org.testng.internal.TestInvoker.invokeMethod(TestInvoker.java:584)
at org.testng.internal.TestInvoker.invokeTestMethod(TestInvoker.java:172)
at org.testng.internal.MethodRunner.runInSequence(MethodRunner.java:46)
at org.testng.internal.TestInvoker$MethodInvocationAgent.invoke(TestInvoker.java:804)
at org.testng.internal.TestInvoker.invokeTestMethods(TestInvoker.java:145)
at org.testng.internal.TestMethodWorker.invokeTestMethods(TestMethodWorker.java:146)
at org.testng.internal.TestMethodWorker.run(TestMethodWorker.java:128)
at java.util.ArrayList.forEach(ArrayList.java:1259)
at org.testng.TestRunner.privateRun(TestRunner.java:770)
at org.testng.TestRunner.run(TestRunner.java:591)
at org.testng.SuiteRunner.runTest(SuiteRunner.java:402)
at org.testng.SuiteRunner.runSequentially(SuiteRunner.java:396)
at org.testng.SuiteRunner.privateRun(SuiteRunner.java:355)
at org.testng.SuiteRunner.run(SuiteRunner.java:304)
at org.testng.SuiteRunnerWorker.runSuite(SuiteRunnerWorker.java:53)
at org.testng.SuiteRunnerWorker.run(SuiteRunnerWorker.java:96)
at org.testng.TestNG.runSuitesSequentially(TestNG.java:1180)
at org.testng.TestNG.runSuitesLocally(TestNG.java:1102)
at org.testng.TestNG.runSuites(TestNG.java:1032)
at org.testng.TestNG.run(TestNG.java:1000)
at org.apache.maven.surefire.testng.TestNGExecutor.run(TestNGExecutor.java:283)
at org.apache.maven.surefire.testng.TestNGXmlTestSuite.execute(TestNGXmlTestSuite.java:75)
at org.apache.maven.surefire.testng.TestNGProvider.invoke(TestNGProvider.java:120)
at org.apache.maven.surefire.booter.ForkedBooter.invokeProviderInSameClassLoader(ForkedBooter.java:384)
at org.apache.maven.surefire.booter.ForkedBooter.runSuitesInProcess(ForkedBooter.java:345)
at org.apache.maven.surefire.booter.ForkedBooter.execute(ForkedBooter.java:126)
at org.apache.maven.surefire.booter.ForkedBooter.main(ForkedBooter.java:418)
]]>
            </full-stacktrace>
          </exception> <!-- org.openqa.selenium.TimeoutException -->
          <reporter-output>
          </reporter-output>
        </test-method> <!-- loginPositiveRememberCheckBoxTest -->
        <test-method status="PASS" signature="TearDown()[pri:0, instance:com.LoginPageTest@23f7d05d]" name="TearDown" is-config="true" duration-ms="1072" started-at="2020-09-02T19:39:40 IDT" finished-at="2020-09-02T19:39:41 IDT">
          <reporter-output>
          </reporter-output>
        </test-method> <!-- TearDown -->
        <test-method status="PASS" signature="stopLogger(java.lang.reflect.Method, [Ljava.lang.Object;)[pri:0, instance:com.LoginPageTest@23f7d05d]" name="stopLogger" is-config="true" duration-ms="1" started-at="2020-09-02T19:39:41 IDT" finished-at="2020-09-02T19:39:41 IDT">
          <params>
            <param index="0">
              <value>
                <![CDATA[public void com.LoginPageTest.loginPositiveRememberCheckBoxTest() throws java.awt.AWTException]]>
              </value>
            </param>
            <param index="1">
              <value>
                <![CDATA[[Ljava.lang.Object;@38018b62]]>
              </value>
            </param>
          </params>
          <reporter-output>
          </reporter-output>
        </test-method> <!-- stopLogger -->
        <test-method status="PASS" signature="initWebDriver()[pri:0, instance:com.LoginPageTest@23f7d05d]" name="initWebDriver" is-config="true" duration-ms="3906" started-at="2020-09-02T19:39:41 IDT" finished-at="2020-09-02T19:39:45 IDT">
          <reporter-output>
          </reporter-output>
        </test-method> <!-- initWebDriver -->
        <test-method status="PASS" signature="startLogger(java.lang.reflect.Method, [Ljava.lang.Object;)[pri:0, instance:com.LoginPageTest@23f7d05d]" name="startLogger" is-config="true" duration-ms="2" started-at="2020-09-02T19:39:45 IDT" finished-at="2020-09-02T19:39:45 IDT">
          <params>
            <param index="0">
              <value>
                <![CDATA[public void com.LoginPageTest.loginNegativeAnotherAccountTest()]]>
              </value>
            </param>
            <param index="1">
              <value>
                <![CDATA[[Ljava.lang.Object;@ce9b9a9]]>
              </value>
            </param>
          </params>
          <reporter-output>
          </reporter-output>
        </test-method> <!-- startLogger -->
        <test-method status="PASS" signature="initPageObjects()[pri:0, instance:com.LoginPageTest@23f7d05d]" name="initPageObjects" is-config="true" duration-ms="2010" started-at="2020-09-02T19:39:45 IDT" finished-at="2020-09-02T19:39:47 IDT">
          <reporter-output>
          </reporter-output>
        </test-method> <!-- initPageObjects -->
        <test-method status="PASS" signature="loginNegativeAnotherAccountTest()[pri:2, instance:com.LoginPageTest@23f7d05d]" name="loginNegativeAnotherAccountTest" duration-ms="1039" started-at="2020-09-02T19:39:47 IDT" finished-at="2020-09-02T19:39:48 IDT">
          <reporter-output>
          </reporter-output>
        </test-method> <!-- loginNegativeAnotherAccountTest -->
        <test-method status="PASS" signature="TearDown()[pri:0, instance:com.LoginPageTest@23f7d05d]" name="TearDown" is-config="true" duration-ms="1058" started-at="2020-09-02T19:39:48 IDT" finished-at="2020-09-02T19:39:49 IDT">
          <reporter-output>
          </reporter-output>
        </test-method> <!-- TearDown -->
        <test-method status="PASS" signature="stopLogger(java.lang.reflect.Method, [Ljava.lang.Object;)[pri:0, instance:com.LoginPageTest@23f7d05d]" name="stopLogger" is-config="true" duration-ms="0" started-at="2020-09-02T19:39:49 IDT" finished-at="2020-09-02T19:39:49 IDT">
          <params>
            <param index="0">
              <value>
                <![CDATA[public void com.LoginPageTest.loginNegativeAnotherAccountTest()]]>
              </value>
            </param>
            <param index="1">
              <value>
                <![CDATA[[Ljava.lang.Object;@ce9b9a9]]>
              </value>
            </param>
          </params>
          <reporter-output>
          </reporter-output>
        </test-method> <!-- stopLogger -->
        <test-method status="PASS" signature="initWebDriver()[pri:0, instance:com.LoginPageTest@23f7d05d]" name="initWebDriver" is-config="true" duration-ms="4296" started-at="2020-09-02T19:39:49 IDT" finished-at="2020-09-02T19:39:53 IDT">
          <reporter-output>
          </reporter-output>
        </test-method> <!-- initWebDriver -->
        <test-method status="PASS" signature="startLogger(java.lang.reflect.Method, [Ljava.lang.Object;)[pri:0, instance:com.LoginPageTest@23f7d05d]" name="startLogger" is-config="true" duration-ms="1" started-at="2020-09-02T19:39:53 IDT" finished-at="2020-09-02T19:39:53 IDT">
          <params>
            <param index="0">
              <value>
                <![CDATA[public void com.LoginPageTest.loginNegativeWrongLoginTest()]]>
              </value>
            </param>
            <param index="1">
              <value>
                <![CDATA[[Ljava.lang.Object;@4ad3d266]]>
              </value>
            </param>
          </params>
          <reporter-output>
          </reporter-output>
        </test-method> <!-- startLogger -->
        <test-method status="PASS" signature="initPageObjects()[pri:0, instance:com.LoginPageTest@23f7d05d]" name="initPageObjects" is-config="true" duration-ms="1974" started-at="2020-09-02T19:39:53 IDT" finished-at="2020-09-02T19:39:55 IDT">
          <reporter-output>
          </reporter-output>
        </test-method> <!-- initPageObjects -->
        <test-method status="PASS" signature="loginNegativeWrongLoginTest()[pri:2, instance:com.LoginPageTest@23f7d05d]" name="loginNegativeWrongLoginTest" duration-ms="966" started-at="2020-09-02T19:39:55 IDT" finished-at="2020-09-02T19:39:56 IDT">
          <reporter-output>
          </reporter-output>
        </test-method> <!-- loginNegativeWrongLoginTest -->
        <test-method status="PASS" signature="TearDown()[pri:0, instance:com.LoginPageTest@23f7d05d]" name="TearDown" is-config="true" duration-ms="969" started-at="2020-09-02T19:39:56 IDT" finished-at="2020-09-02T19:39:57 IDT">
          <reporter-output>
          </reporter-output>
        </test-method> <!-- TearDown -->
        <test-method status="PASS" signature="stopLogger(java.lang.reflect.Method, [Ljava.lang.Object;)[pri:0, instance:com.LoginPageTest@23f7d05d]" name="stopLogger" is-config="true" duration-ms="1" started-at="2020-09-02T19:39:57 IDT" finished-at="2020-09-02T19:39:57 IDT">
          <params>
            <param index="0">
              <value>
                <![CDATA[public void com.LoginPageTest.loginNegativeWrongLoginTest()]]>
              </value>
            </param>
            <param index="1">
              <value>
                <![CDATA[[Ljava.lang.Object;@4ad3d266]]>
              </value>
            </param>
          </params>
          <reporter-output>
          </reporter-output>
        </test-method> <!-- stopLogger -->
        <test-method status="PASS" signature="initWebDriver()[pri:0, instance:com.LoginPageTest@23f7d05d]" name="initWebDriver" is-config="true" duration-ms="3804" started-at="2020-09-02T19:39:57 IDT" finished-at="2020-09-02T19:40:01 IDT">
          <reporter-output>
          </reporter-output>
        </test-method> <!-- initWebDriver -->
        <test-method status="PASS" signature="startLogger(java.lang.reflect.Method, [Ljava.lang.Object;)[pri:0, instance:com.LoginPageTest@23f7d05d]" name="startLogger" is-config="true" duration-ms="1" started-at="2020-09-02T19:40:01 IDT" finished-at="2020-09-02T19:40:01 IDT">
          <params>
            <param index="0">
              <value>
                <![CDATA[public void com.LoginPageTest.loginNegativeWrongPasswordTest()]]>
              </value>
            </param>
            <param index="1">
              <value>
                <![CDATA[[Ljava.lang.Object;@3533df16]]>
              </value>
            </param>
          </params>
          <reporter-output>
          </reporter-output>
        </test-method> <!-- startLogger -->
        <test-method status="PASS" signature="initPageObjects()[pri:0, instance:com.LoginPageTest@23f7d05d]" name="initPageObjects" is-config="true" duration-ms="2654" started-at="2020-09-02T19:40:01 IDT" finished-at="2020-09-02T19:40:03 IDT">
          <reporter-output>
          </reporter-output>
        </test-method> <!-- initPageObjects -->
        <test-method status="PASS" signature="loginNegativeWrongPasswordTest()[pri:2, instance:com.LoginPageTest@23f7d05d]" name="loginNegativeWrongPasswordTest" duration-ms="698" started-at="2020-09-02T19:40:03 IDT" finished-at="2020-09-02T19:40:04 IDT">
          <reporter-output>
          </reporter-output>
        </test-method> <!-- loginNegativeWrongPasswordTest -->
        <test-method status="PASS" signature="TearDown()[pri:0, instance:com.LoginPageTest@23f7d05d]" name="TearDown" is-config="true" duration-ms="892" started-at="2020-09-02T19:40:04 IDT" finished-at="2020-09-02T19:40:05 IDT">
          <reporter-output>
          </reporter-output>
        </test-method> <!-- TearDown -->
        <test-method status="PASS" signature="stopLogger(java.lang.reflect.Method, [Ljava.lang.Object;)[pri:0, instance:com.LoginPageTest@23f7d05d]" name="stopLogger" is-config="true" duration-ms="1" started-at="2020-09-02T19:40:05 IDT" finished-at="2020-09-02T19:40:05 IDT">
          <params>
            <param index="0">
              <value>
                <![CDATA[public void com.LoginPageTest.loginNegativeWrongPasswordTest()]]>
              </value>
            </param>
            <param index="1">
              <value>
                <![CDATA[[Ljava.lang.Object;@3533df16]]>
              </value>
            </param>
          </params>
          <reporter-output>
          </reporter-output>
        </test-method> <!-- stopLogger -->
        <test-method status="PASS" signature="tearDown()[pri:0, instance:com.LoginPageTest@23f7d05d]" name="tearDown" is-config="true" duration-ms="1095" started-at="2020-09-02T19:41:13 IDT" finished-at="2020-09-02T19:41:14 IDT">
          <reporter-output>
          </reporter-output>
        </test-method> <!-- tearDown -->
      </class> <!-- com.LoginPageTest -->
    </test> <!-- Test1 -->
  </suite> <!-- Tests -->
</testng-results>
